Building DAG of jobs...
Using shell: /bin/bash
Provided cores: 1
Rules claiming more threads will be scaled down.
Job counts:
	count	jobs
	1	assign_exons_to_genes
	1	calculate_new_p
	1	filter_exons_psi
	3

[Mon Jan 21 11:25:14 2019]
rule filter_exons_psi:
    input: input_data/control.gff
    output: snakemake_res/exons_psi_control.bed
    jobid: 2
    wildcards: sample=control

[Mon Jan 21 11:25:16 2019]
Finished job 2.
1 of 3 steps (33%) done

[Mon Jan 21 11:25:16 2019]
rule assign_exons_to_genes:
    input: input_data/genes_unique.bed, snakemake_res/exons_psi_control.bed
    output: snakemake_res/exons_genes_control.bed
    jobid: 1
    wildcards: sample=control

Removing temporary output file snakemake_res/exons_psi_control.bed.
[Mon Jan 21 11:25:17 2019]
Finished job 1.
2 of 3 steps (67%) done

[Mon Jan 21 11:25:17 2019]
rule calculate_new_p:
    input: snakemake_res/exons_genes_control.bed
    output: snakemake_res/exons_genes_psi_new_p_control.bed
    jobid: 0
    wildcards: sample=control

Removing temporary output file snakemake_res/exons_genes_control.bed.
[Mon Jan 21 11:25:18 2019]
Finished job 0.
3 of 3 steps (100%) done
Complete log: /Users/danchurova/Documents/PROJECTS/NMD_project/exon_psi_KD/exons_pipeline/.snakemake/log/2019-01-21T112514.576253.snakemake.log
