Building DAG of jobs...
Using shell: /bin/bash
Provided cores: 1
Rules claiming more threads will be scaled down.
Job counts:
	count	jobs
	1	calculate_new_p
	1

[Mon Jan 21 17:47:11 2019]
rule calculate_new_p:
    input: snakemake_res/exons_genes_control.bed
    output: snakemake_res/exons_genes_psi_new_p_control.bed
    jobid: 0
    wildcards: sample=control

[Mon Jan 21 17:47:11 2019]
Error in rule calculate_new_p:
    jobid: 0
    output: snakemake_res/exons_genes_psi_new_p_control.bed

RuleException:
CalledProcessError in line 38 of /Users/danchurova/Documents/PROJECTS/NMD_project/exon_psi_KD/exons_pipeline/Snakefile:
Command ' set -euo pipefail;  python3 calculate_p_new.py < snakemake_res/exons_genes_control.bed > snakemake_res/exons_genes_psi_new_p_control.bed ' returned non-zero exit status 1.
  File "/Users/danchurova/Documents/PROJECTS/NMD_project/exon_psi_KD/exons_pipeline/Snakefile", line 38, in __rule_calculate_new_p
  File "/usr/local/Cellar/python/3.6.5/Frameworks/Python.framework/Versions/3.6/lib/python3.6/concurrent/futures/thread.py", line 56, in run
Removing output files of failed job calculate_new_p since they might be corrupted:
snakemake_res/exons_genes_psi_new_p_control.bed
Shutting down, this might take some time.
Exiting because a job execution failed. Look above for error message
Complete log: /Users/danchurova/Documents/PROJECTS/NMD_project/exon_psi_KD/exons_pipeline/.snakemake/log/2019-01-21T174711.109164.snakemake.log
