Building DAG of jobs...
File path input_data//genes_unique.bed contains double '/'. This is likely unintended. It can also lead to inconsistent results of the file-matching approach used by Snakemake.
Using shell: /bin/bash
Provided cores: 1
Rules claiming more threads will be scaled down.
Job counts:
	count	jobs
	1	assign_exons_to_genes
	1	filter_exons_psi
	2

[Thu Jan 17 21:54:30 2019]
rule filter_exons_psi:
    input: input_data/SRR1275413Aligned.sortedByCoord.out.A07.gff
    output: snakemake_res/exons_psi_SRR1275413Aligned.sortedByCoord.out.A07.bed
    jobid: 1
    wildcards: sample=SRR1275413Aligned.sortedByCoord.out.A07

[Thu Jan 17 21:54:31 2019]
Finished job 1.
1 of 2 steps (50%) done

[Thu Jan 17 21:54:31 2019]
rule assign_exons_to_genes:
    input: input_data//genes_unique.bed, snakemake_res/exons_psi_SRR1275413Aligned.sortedByCoord.out.A07.bed
    output: snakemake_res/exons_genes_SRR1275413Aligned.sortedByCoord.out.A07.bed
    jobid: 0
    wildcards: sample=SRR1275413Aligned.sortedByCoord.out.A07

[Thu Jan 17 21:54:32 2019]
Finished job 0.
2 of 2 steps (100%) done
Complete log: /Users/danchurova/Documents/PROJECTS/NMD_project/exon_psi_KD/exons_pipeline/.snakemake/log/2019-01-17T215429.965289.snakemake.log
