Building DAG of jobs...
Using shell: /bin/bash
Provided cores: 1
Rules claiming more threads will be scaled down.
Job counts:
	count	jobs
	1	assign_exons_to_genes
	1	calculate_new_p
	1	filter_exons_psi
	3

[Mon Jan 21 17:50:54 2019]
rule filter_exons_psi:
    input: input_data/upf1xrn1.gff
    output: snakemake_res/exons_psi_upf1xrn1.bed
    jobid: 2
    wildcards: sample=upf1xrn1

[Mon Jan 21 17:50:56 2019]
Finished job 2.
1 of 3 steps (33%) done

[Mon Jan 21 17:50:56 2019]
rule assign_exons_to_genes:
    input: input_data/genes_unique.bed, snakemake_res/exons_psi_upf1xrn1.bed
    output: snakemake_res/exons_genes_upf1xrn1.bed
    jobid: 1
    wildcards: sample=upf1xrn1

[Mon Jan 21 17:50:57 2019]
Finished job 1.
2 of 3 steps (67%) done

[Mon Jan 21 17:50:57 2019]
rule calculate_new_p:
    input: snakemake_res/exons_genes_upf1xrn1.bed
    output: snakemake_res/exons_genes_psi_new_p_upf1xrn1.bed
    jobid: 0
    wildcards: sample=upf1xrn1

[Mon Jan 21 17:50:59 2019]
Finished job 0.
3 of 3 steps (100%) done
Complete log: /Users/danchurova/Documents/PROJECTS/NMD_project/exon_psi_KD/exons_pipeline/.snakemake/log/2019-01-21T175054.618099.snakemake.log
